Compiling the C compiler identification source file "CMakeCCompilerId.c" failed.
Compiler: C:/Users/Administrator/AppData/Local/Android/Sdk/android-ndk-r15c/toolchains/aarch64-linux-android-4.9/prebuilt/windows-x86_64/bin/aarch64-linux-android-gcc.exe 
Build flags: -isystem;C:/Users/Administrator/AppData/Local/Android/Sdk/android-ndk-r15c/sysroot/usr/include/aarch64-linux-android;-D__ANDROID_API__=21;-g;-DANDROID;-ffunction-sections;-funwind-tables;-fstack-protector-strong;-no-canonical-prefixes;-Wa,--noexecstack;-Wformat;-Werror=format-security;-std=c11
Id flags:  

The output was:
1
C:/Users/Administrator/AppData/Local/Android/Sdk/android-ndk-r15c/toolchains/aarch64-linux-android-4.9/prebuilt/windows-x86_64/bin/../lib/gcc/aarch64-linux-android/4.9.x/../../../../aarch64-linux-android/bin/ld.exe: cannot find crtbegin_dynamic.o: No such file or directory
C:/Users/Administrator/AppData/Local/Android/Sdk/android-ndk-r15c/toolchains/aarch64-linux-android-4.9/prebuilt/windows-x86_64/bin/../lib/gcc/aarch64-linux-android/4.9.x/../../../../aarch64-linux-android/bin/ld.exe: cannot find -lc
C:/Users/Administrator/AppData/Local/Android/Sdk/android-ndk-r15c/toolchains/aarch64-linux-android-4.9/prebuilt/windows-x86_64/bin/../lib/gcc/aarch64-linux-android/4.9.x/../../../../aarch64-linux-android/bin/ld.exe: cannot find -ldl
C:/Users/Administrator/AppData/Local/Android/Sdk/android-ndk-r15c/toolchains/aarch64-linux-android-4.9/prebuilt/windows-x86_64/bin/../lib/gcc/aarch64-linux-android/4.9.x/../../../../aarch64-linux-android/bin/ld.exe: cannot find crtend_android.o: No such file or directory
collect2.exe: error: ld returned 1 exit status


Compiling the CXX compiler identification source file "CMakeCXXCompilerId.cpp" failed.
Compiler: C:/Users/Administrator/AppData/Local/Android/Sdk/android-ndk-r15c/toolchains/aarch64-linux-android-4.9/prebuilt/windows-x86_64/bin/aarch64-linux-android-g++.exe 
Build flags: -isystem;C:/Users/Administrator/AppData/Local/Android/Sdk/android-ndk-r15c/sysroot/usr/include/aarch64-linux-android;-D__ANDROID_API__=21;-g;-DANDROID;-ffunction-sections;-funwind-tables;-fstack-protector-strong;-no-canonical-prefixes;-Wa,--noexecstack;-Wformat;-Werror=format-security;;
Id flags:  

The output was:
1
C:/Users/Administrator/AppData/Local/Android/Sdk/android-ndk-r15c/toolchains/aarch64-linux-android-4.9/prebuilt/windows-x86_64/bin/../lib/gcc/aarch64-linux-android/4.9.x/../../../../aarch64-linux-android/bin/ld.exe: cannot find crtbegin_dynamic.o: No such file or directory
C:/Users/Administrator/AppData/Local/Android/Sdk/android-ndk-r15c/toolchains/aarch64-linux-android-4.9/prebuilt/windows-x86_64/bin/../lib/gcc/aarch64-linux-android/4.9.x/../../../../aarch64-linux-android/bin/ld.exe: cannot find -lstdc++
C:/Users/Administrator/AppData/Local/Android/Sdk/android-ndk-r15c/toolchains/aarch64-linux-android-4.9/prebuilt/windows-x86_64/bin/../lib/gcc/aarch64-linux-android/4.9.x/../../../../aarch64-linux-android/bin/ld.exe: cannot find -lm
C:/Users/Administrator/AppData/Local/Android/Sdk/android-ndk-r15c/toolchains/aarch64-linux-android-4.9/prebuilt/windows-x86_64/bin/../lib/gcc/aarch64-linux-android/4.9.x/../../../../aarch64-linux-android/bin/ld.exe: cannot find -lc
C:/Users/Administrator/AppData/Local/Android/Sdk/android-ndk-r15c/toolchains/aarch64-linux-android-4.9/prebuilt/windows-x86_64/bin/../lib/gcc/aarch64-linux-android/4.9.x/../../../../aarch64-linux-android/bin/ld.exe: cannot find -ldl
C:/Users/Administrator/AppData/Local/Android/Sdk/android-ndk-r15c/toolchains/aarch64-linux-android-4.9/prebuilt/windows-x86_64/bin/../lib/gcc/aarch64-linux-android/4.9.x/../../../../aarch64-linux-android/bin/ld.exe: cannot find crtend_android.o: No such file or directory
collect2.exe: error: ld returned 1 exit status


